<?xml version="1.0" ?>
<!DOCTYPE coverage
  SYSTEM 'http://cobertura.sourceforge.net/xml/coverage-03.dtd'>
<coverage branch-rate="0" line-rate="0.9957805907172996" timestamp="1355594719" version="3.5.2">
  <packages>
    <package branch-rate="0" complexity="0" line-rate="0.9957805907172996" name=".Users.rob.projects.appcontrol.src.appcontrol.frontend.appcontrol.frontend.test.js">
      <classes>
        <class branch-rate="0" complexity="0" filename="/Users/rob/projects/appcontrol/src/appcontrol.frontend/appcontrol/frontend/test/js/obviel-bootstrap.js" line-rate="0.9957805907172996" name="obviel-bootstrap">
          <methods/>
          <lines>
            <line hits="1" number="3"/>
            <line hits="2" number="5"/>
            <line hits="2" number="8"/>
            <line hits="1" number="10"/>
            <line hits="1" number="11"/>
            <line hits="1" number="12"/>
            <line hits="2" number="18"/>
            <line hits="2" number="19"/>
            <line hits="1" number="22"/>
            <line hits="2" number="24"/>
            <line hits="2" number="27"/>
            <line hits="1" number="29"/>
            <line hits="1" number="30"/>
            <line hits="1" number="31"/>
            <line hits="1" number="35"/>
            <line hits="2" number="42"/>
            <line hits="4" number="44"/>
            <line hits="2" number="48"/>
            <line hits="2" number="49"/>
            <line hits="1" number="52"/>
            <line hits="2" number="54"/>
            <line hits="2" number="57"/>
            <line hits="1" number="59"/>
            <line hits="1" number="60"/>
            <line hits="1" number="61"/>
            <line hits="1" number="65"/>
            <line hits="7" number="70"/>
            <line hits="2" number="71"/>
            <line hits="12" number="73"/>
            <line hits="7" number="77"/>
            <line hits="4" number="78"/>
            <line hits="12" number="80"/>
            <line hits="7" number="82"/>
            <line hits="4" number="83"/>
            <line hits="2" number="87"/>
            <line hits="2" number="88"/>
            <line hits="1" number="91"/>
            <line hits="2" number="93"/>
            <line hits="2" number="96"/>
            <line hits="1" number="98"/>
            <line hits="1" number="99"/>
            <line hits="1" number="100"/>
            <line hits="1" number="104"/>
            <line hits="2" number="126"/>
            <line hits="2" number="129"/>
            <line hits="2" number="132"/>
            <line hits="2" number="135"/>
            <line hits="3" number="139"/>
            <line hits="3" number="140"/>
            <line hits="2" number="144"/>
            <line hits="2" number="145"/>
            <line hits="1" number="148"/>
            <line hits="2" number="150"/>
            <line hits="2" number="153"/>
            <line hits="1" number="155"/>
            <line hits="4" number="156"/>
            <line hits="4" number="157"/>
            <line hits="8" number="160"/>
            <line hits="8" number="161"/>
            <line hits="1" number="164"/>
            <line hits="1" number="166"/>
            <line hits="18" number="167"/>
            <line hits="3" number="171"/>
            <line hits="3" number="180"/>
            <line hits="2" number="183"/>
            <line hits="2" number="192"/>
            <line hits="1" number="194"/>
            <line hits="1" number="195"/>
            <line hits="1" number="196"/>
            <line hits="2" number="200"/>
            <line hits="2" number="201"/>
            <line hits="1" number="204"/>
            <line hits="2" number="206"/>
            <line hits="2" number="209"/>
            <line hits="1" number="211"/>
            <line hits="1" number="212"/>
            <line hits="1" number="213"/>
            <line hits="2" number="217"/>
            <line hits="2" number="218"/>
            <line hits="1" number="221"/>
            <line hits="2" number="223"/>
            <line hits="2" number="226"/>
            <line hits="1" number="228"/>
            <line hits="1" number="229"/>
            <line hits="1" number="230"/>
            <line hits="1" number="233"/>
            <line hits="9" number="242"/>
            <line hits="4" number="243"/>
            <line hits="2" number="248"/>
            <line hits="2" number="249"/>
            <line hits="1" number="252"/>
            <line hits="2" number="254"/>
            <line hits="2" number="257"/>
            <line hits="1" number="259"/>
            <line hits="1" number="260"/>
            <line hits="1" number="261"/>
            <line hits="1" number="264"/>
            <line hits="2" number="276"/>
            <line hits="3" number="279"/>
            <line hits="2" number="284"/>
            <line hits="2" number="285"/>
            <line hits="1" number="288"/>
            <line hits="2" number="290"/>
            <line hits="2" number="293"/>
            <line hits="1" number="295"/>
            <line hits="1" number="296"/>
            <line hits="1" number="297"/>
            <line hits="1" number="301"/>
            <line hits="3" number="324"/>
            <line hits="2" number="327"/>
            <line hits="2" number="333"/>
            <line hits="2" number="334"/>
            <line hits="1" number="337"/>
            <line hits="2" number="339"/>
            <line hits="2" number="342"/>
            <line hits="1" number="344"/>
            <line hits="1" number="345"/>
            <line hits="1" number="346"/>
            <line hits="1" number="350"/>
            <line hits="24" number="366"/>
            <line hits="12" number="367"/>
            <line hits="6" number="372"/>
            <line hits="2" number="377"/>
            <line hits="2" number="378"/>
            <line hits="1" number="381"/>
            <line hits="1" number="383"/>
            <line hits="5" number="384"/>
            <line hits="10" number="386"/>
            <line hits="0" number="387"/>
            <line hits="6" number="391"/>
            <line hits="6" number="392"/>
            <line hits="6" number="393"/>
            <line hits="6" number="394"/>
            <line hits="5" number="399"/>
            <line hits="3" number="400"/>
            <line hits="1" number="404"/>
            <line hits="5" number="405"/>
            <line hits="2" number="406"/>
            <line hits="1" number="407"/>
            <line hits="2" number="411"/>
            <line hits="2" number="414"/>
            <line hits="1" number="416"/>
            <line hits="1" number="417"/>
            <line hits="1" number="418"/>
            <line hits="1" number="422"/>
            <line hits="3" number="429"/>
            <line hits="3" number="432"/>
            <line hits="2" number="435"/>
            <line hits="2" number="440"/>
            <line hits="2" number="441"/>
            <line hits="1" number="444"/>
            <line hits="2" number="446"/>
            <line hits="2" number="449"/>
            <line hits="1" number="451"/>
            <line hits="1" number="452"/>
            <line hits="1" number="453"/>
            <line hits="1" number="457"/>
            <line hits="2" number="466"/>
            <line hits="2" number="467"/>
            <line hits="1" number="470"/>
            <line hits="1" number="472"/>
            <line hits="7" number="473"/>
            <line hits="2" number="477"/>
            <line hits="2" number="480"/>
            <line hits="2" number="483"/>
            <line hits="2" number="487"/>
            <line hits="2" number="490"/>
            <line hits="1" number="492"/>
            <line hits="1" number="493"/>
            <line hits="1" number="494"/>
            <line hits="1" number="498"/>
            <line hits="3" number="510"/>
            <line hits="2" number="515"/>
            <line hits="2" number="516"/>
            <line hits="1" number="519"/>
            <line hits="1" number="521"/>
            <line hits="6" number="522"/>
            <line hits="2" number="525"/>
            <line hits="2" number="528"/>
            <line hits="1" number="530"/>
            <line hits="1" number="531"/>
            <line hits="1" number="532"/>
            <line hits="2" number="537"/>
            <line hits="2" number="538"/>
            <line hits="1" number="541"/>
            <line hits="1" number="543"/>
            <line hits="2" number="544"/>
            <line hits="2" number="545"/>
            <line hits="2" number="547"/>
            <line hits="2" number="551"/>
            <line hits="2" number="554"/>
            <line hits="1" number="556"/>
            <line hits="1" number="557"/>
            <line hits="1" number="558"/>
            <line hits="2" number="564"/>
            <line hits="2" number="565"/>
            <line hits="1" number="568"/>
            <line hits="1" number="570"/>
            <line hits="2" number="571"/>
            <line hits="2" number="574"/>
            <line hits="2" number="577"/>
            <line hits="1" number="579"/>
            <line hits="1" number="580"/>
            <line hits="1" number="581"/>
            <line hits="1" number="585"/>
            <line hits="3" number="592"/>
            <line hits="2" number="597"/>
            <line hits="2" number="598"/>
            <line hits="1" number="601"/>
            <line hits="2" number="603"/>
            <line hits="2" number="606"/>
            <line hits="1" number="608"/>
            <line hits="1" number="609"/>
            <line hits="1" number="610"/>
            <line hits="13" number="616"/>
            <line hits="3" number="618"/>
            <line hits="4" number="621"/>
            <line hits="2" number="624"/>
            <line hits="16" number="628"/>
            <line hits="1" number="629"/>
            <line hits="7" number="631"/>
            <line hits="16" number="633"/>
            <line hits="2" number="635"/>
            <line hits="4" number="638"/>
            <line hits="4" number="642"/>
            <line hits="4" number="645"/>
            <line hits="8" number="648"/>
            <line hits="12" number="649"/>
            <line hits="16" number="651"/>
            <line hits="2" number="653"/>
            <line hits="2" number="657"/>
            <line hits="2" number="660"/>
            <line hits="2" number="664"/>
            <line hits="2" number="665"/>
            <line hits="1" number="668"/>
            <line hits="1" number="670"/>
            <line hits="2" number="674"/>
          </lines>
        </class>
      </classes>
    </package>
  </packages>
</coverage>
